<?xml version="1.0" encoding="UTF-8"?>
<!-- Generated by org.testng.reporters.JUnitReportReporter -->
<testsuite hostname="LAPTOP-SC8NCGPF" failures="0" tests="11" name="TestNG.Form" time="0.160" errors="1" timestamp="2021-08-17T10:05:43 IST" skipped="10">
  <testcase classname="TestNG.Form" name="EnterAddress" time="0.000">
    <skipped/>
  </testcase> <!-- EnterAddress -->
  <system-out/>
  <testcase classname="TestNG.Form" name="EnterDOB" time="0.000">
    <skipped/>
  </testcase> <!-- EnterDOB -->
  <system-out/>
  <testcase classname="TestNG.Form" name="SelectHobbies" time="0.000">
    <skipped/>
  </testcase> <!-- SelectHobbies -->
  <system-out/>
  <testcase classname="TestNG.Form" name="EnterFirstname" time="0.000">
    <skipped/>
  </testcase> <!-- EnterFirstname -->
  <system-out/>
  <testcase classname="TestNG.Form" name="BeforeTest" time="0.160">
    <error message="The path to the driver executable must be set by the webdriver.gecko.driver system property; for more information, see https://github.com/mozilla/geckodriver. The latest version can be downloaded from https://github.com/mozilla/geckodriver/releases" type="java.lang.IllegalStateException">
      <![CDATA[java.lang.IllegalStateException: The path to the driver executable must be set by the webdriver.gecko.driver system property; for more information, see https://github.com/mozilla/geckodriver. The latest version can be downloaded from https://github.com/mozilla/geckodriver/releases
at com.google.common.base.Preconditions.checkState(Preconditions.java:847)
at org.openqa.selenium.remote.service.DriverService.findExecutable(DriverService.java:134)
at org.openqa.selenium.firefox.GeckoDriverService.access$100(GeckoDriverService.java:44)
at org.openqa.selenium.firefox.GeckoDriverService$Builder.findDefaultExecutable(GeckoDriverService.java:167)
at org.openqa.selenium.remote.service.DriverService$Builder.build(DriverService.java:355)
at org.openqa.selenium.firefox.FirefoxDriver.toExecutor(FirefoxDriver.java:190)
at org.openqa.selenium.firefox.FirefoxDriver.<init>(FirefoxDriver.java:147)
at org.openqa.selenium.firefox.FirefoxDriver.<init>(FirefoxDriver.java:125)
at TestNG.Form.BeforeTest(Form.java:23)
at java.base/jdk.internal.reflect.NativeMethodAccessorImpl.invoke0(Native Method)
at java.base/jdk.internal.reflect.NativeMethodAccessorImpl.invoke(NativeMethodAccessorImpl.java:78)
at java.base/jdk.internal.reflect.DelegatingMethodAccessorImpl.invoke(DelegatingMethodAccessorImpl.java:43)
at java.base/java.lang.reflect.Method.invoke(Method.java:567)
at org.testng.internal.MethodInvocationHelper.invokeMethod(MethodInvocationHelper.java:133)
at org.testng.internal.MethodInvocationHelper.invokeMethodConsideringTimeout(MethodInvocationHelper.java:62)
at org.testng.internal.ConfigInvoker.invokeConfigurationMethod(ConfigInvoker.java:385)
at org.testng.internal.ConfigInvoker.invokeConfigurations(ConfigInvoker.java:321)
at org.testng.SuiteRunner.privateRun(SuiteRunner.java:317)
at org.testng.SuiteRunner.run(SuiteRunner.java:276)
at org.testng.SuiteRunnerWorker.runSuite(SuiteRunnerWorker.java:53)
at org.testng.SuiteRunnerWorker.run(SuiteRunnerWorker.java:96)
at org.testng.TestNG.runSuitesSequentially(TestNG.java:1212)
at org.testng.TestNG.runSuitesLocally(TestNG.java:1134)
at org.testng.TestNG.runSuites(TestNG.java:1063)
at org.testng.TestNG.run(TestNG.java:1031)
at org.testng.remote.AbstractRemoteTestNG.run(AbstractRemoteTestNG.java:115)
at org.testng.remote.RemoteTestNG.initAndRun(RemoteTestNG.java:251)
at org.testng.remote.RemoteTestNG.main(RemoteTestNG.java:77)
]]>
    </error>
  </testcase> <!-- BeforeTest -->
  <system-out/>
  <testcase classname="TestNG.Form" name="EnterSubject" time="0.000">
    <skipped/>
  </testcase> <!-- EnterSubject -->
  <system-out/>
  <testcase classname="TestNG.Form" name="UploadPicture" time="0.000">
    <skipped/>
  </testcase> <!-- UploadPicture -->
  <system-out/>
  <testcase classname="TestNG.Form" name="EnterLastname" time="0.000">
    <skipped/>
  </testcase> <!-- EnterLastname -->
  <system-out/>
  <testcase classname="TestNG.Form" name="EnterMailAddress" time="0.000">
    <skipped/>
  </testcase> <!-- EnterMailAddress -->
  <system-out/>
  <testcase classname="TestNG.Form" name="EnterMobileNumber" time="0.000">
    <skipped/>
  </testcase> <!-- EnterMobileNumber -->
  <system-out/>
  <testcase classname="TestNG.Form" name="SelectGender" time="0.000">
    <skipped/>
  </testcase> <!-- SelectGender -->
  <system-out/>
</testsuite> <!-- TestNG.Form -->
